<?xml version="1.0" encoding="UTF-8"?>
<testng-results ignored="0" total="2" passed="2" failed="0" skipped="0">
  <reporter-output>
  </reporter-output>
  <suite started-at="2024-01-28T20:34:17 PST" name="Default suite" finished-at="2024-01-28T20:34:52 PST" duration-ms="34345">
    <groups>
      <group name="cucumber">
        <method signature="AbstractTestNGCucumberTests.runScenario(io.cucumber.testng.PickleWrapper,io.cucumber.testng.FeatureWrapper)[pri:0, instance:org.luma.ecommerce.cucumberrunner.Runner@4b29d1d2]" name="runScenario" class="io.cucumber.testng.AbstractTestNGCucumberTests"/>
      </group> <!-- cucumber -->
    </groups>
    <test started-at="2024-01-28T20:34:17 PST" name="Default test" finished-at="2024-01-28T20:34:52 PST" duration-ms="34345">
      <class name="org.luma.ecommerce.cucumberrunner.Runner">
        <test-method is-config="true" signature="setUpClass(org.testng.ITestContext)[pri:0, instance:org.luma.ecommerce.cucumberrunner.Runner@4b29d1d2]" started-at="2024-01-28T20:34:18 PST" name="setUpClass" finished-at="2024-01-28T20:34:18 PST" duration-ms="983" status="PASS">
          <params>
            <param index="0">
              <value>
                <![CDATA[org.testng.TestRunner@9d3d54e]]>
              </value>
            </param>
          </params>
          <reporter-output>
          </reporter-output>
        </test-method> <!-- setUpClass -->
        <test-method signature="runScenario(io.cucumber.testng.PickleWrapper,io.cucumber.testng.FeatureWrapper)[pri:0, instance:org.luma.ecommerce.cucumberrunner.Runner@4b29d1d2]" started-at="2024-01-28T20:34:19 PST" name="runScenario" description="Runs Cucumber Scenarios" data-provider="scenarios" finished-at="2024-01-28T20:34:35 PST" duration-ms="16457" status="PASS">
          <params>
            <param index="0">
              <value>
                <![CDATA["Login with positive credentials"]]>
              </value>
            </param>
            <param index="1">
              <value>
                <![CDATA["Login functionality"]]>
              </value>
            </param>
          </params>
          <reporter-output>
          </reporter-output>
        </test-method> <!-- runScenario -->
        <test-method signature="runScenario(io.cucumber.testng.PickleWrapper,io.cucumber.testng.FeatureWrapper)[pri:0, instance:org.luma.ecommerce.cucumberrunner.Runner@4b29d1d2]" started-at="2024-01-28T20:34:35 PST" name="runScenario" description="Runs Cucumber Scenarios" data-provider="scenarios" finished-at="2024-01-28T20:34:50 PST" duration-ms="15313" status="PASS">
          <params>
            <param index="0">
              <value>
                <![CDATA["Login with positive credentials"]]>
              </value>
            </param>
            <param index="1">
              <value>
                <![CDATA["Login functionality"]]>
              </value>
            </param>
          </params>
          <reporter-output>
          </reporter-output>
        </test-method> <!-- runScenario -->
        <test-method is-config="true" signature="tearDownClass()[pri:0, instance:org.luma.ecommerce.cucumberrunner.Runner@4b29d1d2]" started-at="2024-01-28T20:34:50 PST" name="tearDownClass" finished-at="2024-01-28T20:34:52 PST" duration-ms="1544" status="PASS">
          <reporter-output>
          </reporter-output>
        </test-method> <!-- tearDownClass -->
      </class> <!-- org.luma.ecommerce.cucumberrunner.Runner -->
    </test> <!-- Default test -->
  </suite> <!-- Default suite -->
</testng-results>
